This file contains any messages produced by compilers while
running configure, to aid debugging if configure makes a mistake.

It was created by cts,test configure 3.14, which was
generated by GNU Autoconf 2.68.  Invocation command line was

  $ ./configure --disable-option-checking --prefix=/usr/local --cache-file=/dev/null --srcdir=.

## --------- ##
## Platform. ##
## --------- ##

hostname = Aux
uname -m = i386
uname -r = 10.7.0
uname -s = Darwin
uname -v = Darwin Kernel Version 10.7.0: Sat Jan 29 15:17:16 PST 2011; root:xnu-1504.9.37~1/RELEASE_I386

/usr/bin/uname -p = i386
/bin/uname -X     = unknown

/bin/arch              = unknown
/usr/bin/arch -k       = unknown
/usr/convex/getsysinfo = unknown
/usr/bin/hostinfo      = Mach kernel version:
	 Darwin Kernel Version 10.7.0: Sat Jan 29 15:17:16 PST 2011; root:xnu-1504.9.37~1/RELEASE_I386
Kernel configured for up to 2 processors.
2 processors are physically available.
2 processors are logically available.
Processor type: i486 (Intel 80486)
Processors active: 0 1
Primary memory available: 4.00 gigabytes
Default processor set: 89 tasks, 408 threads, 2 processors
Load average: 1.93, Mach factor: 0.69
/bin/machine           = unknown
/usr/bin/oslevel       = unknown
/bin/universe          = unknown

PATH: /opt/local/bin
PATH: /opt/local/sbin
PATH: /Users/auxten/scripts/
PATH: /usr/bin
PATH: /bin
PATH: /usr/sbin
PATH: /sbin
PATH: /usr/local/bin
PATH: /usr/X11/bin


## ----------- ##
## Core tests. ##
## ----------- ##

configure:2218: checking for a BSD-compatible install
configure:2286: result: /opt/local/bin/ginstall -c
configure:2297: checking whether build environment is sane
configure:2347: result: yes
configure:2488: checking for a thread-safe mkdir -p
configure:2527: result: /opt/local/bin/gmkdir -p
configure:2540: checking for gawk
configure:2570: result: no
configure:2540: checking for mawk
configure:2570: result: no
configure:2540: checking for nawk
configure:2570: result: no
configure:2540: checking for awk
configure:2556: found /usr/bin/awk
configure:2567: result: awk
configure:2578: checking whether make sets $(MAKE)
configure:2600: result: yes
configure:2741: checking for g++
configure:2757: found /usr/bin/g++
configure:2768: result: g++
configure:2795: checking for C++ compiler version
configure:2804: g++ --version >&5
i686-apple-darwin10-g++-4.2.1 (GCC) 4.2.1 (Apple Inc. build 5666) (dot 3)
Copyright (C) 2007 Free Software Foundation, Inc.
This is free software; see the source for copying conditions.  There is NO
warranty; not even for MERCHANTABILITY or FITNESS FOR A PARTICULAR PURPOSE.

configure:2815: $? = 0
configure:2804: g++ -v >&5
Using built-in specs.
Target: i686-apple-darwin10
Configured with: /var/tmp/gcc/gcc-5666.3~123/src/configure --disable-checking --enable-werror --prefix=/usr --mandir=/share/man --enable-languages=c,objc,c++,obj-c++ --program-transform-name=/^[cg][^.-]*$/s/$/-4.2/ --with-slibdir=/usr/lib --build=i686-apple-darwin10 --program-prefix=i686-apple-darwin10- --host=x86_64-apple-darwin10 --target=i686-apple-darwin10 --with-gxx-include-dir=/include/c++/4.2.1
Thread model: posix
gcc version 4.2.1 (Apple Inc. build 5666) (dot 3)
configure:2815: $? = 0
configure:2804: g++ -V >&5
g++-4.2: argument to `-V' is missing
configure:2815: $? = 1
configure:2804: g++ -qversion >&5
i686-apple-darwin10-g++-4.2.1: no input files
configure:2815: $? = 1
configure:2835: checking whether the C++ compiler works
configure:2857: g++    conftest.cpp  >&5
configure:2861: $? = 0
configure:2909: result: yes
configure:2912: checking for C++ compiler default output file name
configure:2914: result: a.out
configure:2920: checking for suffix of executables
configure:2927: g++ -o conftest    conftest.cpp  >&5
configure:2931: $? = 0
configure:2953: result: 
configure:2975: checking whether we are cross compiling
configure:2983: g++ -o conftest    conftest.cpp  >&5
configure:2987: $? = 0
configure:2994: ./conftest
configure:2998: $? = 0
configure:3013: result: no
configure:3018: checking for suffix of object files
configure:3040: g++ -c   conftest.cpp >&5
configure:3044: $? = 0
configure:3065: result: o
configure:3069: checking whether we are using the GNU C++ compiler
configure:3088: g++ -c   conftest.cpp >&5
configure:3088: $? = 0
configure:3097: result: yes
configure:3106: checking whether g++ accepts -g
configure:3126: g++ -c -g  conftest.cpp >&5
configure:3126: $? = 0
configure:3167: result: yes
configure:3201: checking for style of include used by make
configure:3229: result: GNU
configure:3254: checking dependency style of g++
configure:3364: result: gcc3
configure:3427: checking for gcc
configure:3443: found /usr/bin/gcc
configure:3454: result: gcc
configure:3683: checking for C compiler version
configure:3692: gcc --version >&5
i686-apple-darwin10-gcc-4.2.1 (GCC) 4.2.1 (Apple Inc. build 5666) (dot 3)
Copyright (C) 2007 Free Software Foundation, Inc.
This is free software; see the source for copying conditions.  There is NO
warranty; not even for MERCHANTABILITY or FITNESS FOR A PARTICULAR PURPOSE.

configure:3703: $? = 0
configure:3692: gcc -v >&5
Using built-in specs.
Target: i686-apple-darwin10
Configured with: /var/tmp/gcc/gcc-5666.3~123/src/configure --disable-checking --enable-werror --prefix=/usr --mandir=/share/man --enable-languages=c,objc,c++,obj-c++ --program-transform-name=/^[cg][^.-]*$/s/$/-4.2/ --with-slibdir=/usr/lib --build=i686-apple-darwin10 --program-prefix=i686-apple-darwin10- --host=x86_64-apple-darwin10 --target=i686-apple-darwin10 --with-gxx-include-dir=/include/c++/4.2.1
Thread model: posix
gcc version 4.2.1 (Apple Inc. build 5666) (dot 3)
configure:3703: $? = 0
configure:3692: gcc -V >&5
gcc-4.2: argument to `-V' is missing
configure:3703: $? = 1
configure:3692: gcc -qversion >&5
i686-apple-darwin10-gcc-4.2.1: no input files
configure:3703: $? = 1
configure:3707: checking whether we are using the GNU C compiler
configure:3726: gcc -c   conftest.c >&5
configure:3726: $? = 0
configure:3735: result: yes
configure:3744: checking whether gcc accepts -g
configure:3764: gcc -c -g  conftest.c >&5
configure:3764: $? = 0
configure:3805: result: yes
configure:3822: checking for gcc option to accept ISO C89
configure:3886: gcc  -c -g -O2  conftest.c >&5
configure:3886: $? = 0
configure:3899: result: none needed
configure:3921: checking dependency style of gcc
configure:4031: result: gcc3
configure:4050: checking for library containing pthread_rwlock_init
configure:4081: gcc -o conftest -g -O2   conftest.c  >&5
configure:4081: $? = 0
configure:4098: result: none required
configure:4108: checking for library containing clock_gettime
configure:4139: gcc -o conftest -g -O2   conftest.c  >&5
Undefined symbols for architecture x86_64:
  "_clock_gettime", referenced from:
      _main in ccNf8ffd.o
ld: symbol(s) not found for architecture x86_64
collect2: ld returned 1 exit status
configure:4139: $? = 1
configure: failed program was:
| /* confdefs.h */
| #define PACKAGE_NAME "cts,test"
| #define PACKAGE_TARNAME "cts-test"
| #define PACKAGE_VERSION "3.14"
| #define PACKAGE_STRING "cts,test 3.14"
| #define PACKAGE_BUGREPORT "blog.auxten.com"
| #define PACKAGE_URL ""
| #define PACKAGE "cts,test"
| #define VERSION "3.14"
| /* end confdefs.h.  */
| 
| /* Override any GCC internal prototype to avoid an error.
|    Use char because int might match the return type of a GCC
|    builtin and then its argument prototype would still apply.  */
| #ifdef __cplusplus
| extern "C"
| #endif
| char clock_gettime ();
| int
| main ()
| {
| return clock_gettime ();
|   ;
|   return 0;
| }
configure:4139: gcc -o conftest -g -O2   conftest.c -lrt   >&5
ld: library not found for -lrt
collect2: ld returned 1 exit status
configure:4139: $? = 1
configure: failed program was:
| /* confdefs.h */
| #define PACKAGE_NAME "cts,test"
| #define PACKAGE_TARNAME "cts-test"
| #define PACKAGE_VERSION "3.14"
| #define PACKAGE_STRING "cts,test 3.14"
| #define PACKAGE_BUGREPORT "blog.auxten.com"
| #define PACKAGE_URL ""
| #define PACKAGE "cts,test"
| #define VERSION "3.14"
| /* end confdefs.h.  */
| 
| /* Override any GCC internal prototype to avoid an error.
|    Use char because int might match the return type of a GCC
|    builtin and then its argument prototype would still apply.  */
| #ifdef __cplusplus
| extern "C"
| #endif
| char clock_gettime ();
| int
| main ()
| {
| return clock_gettime ();
|   ;
|   return 0;
| }
configure:4156: result: no
configure:4208: checking for ranlib
configure:4224: found /usr/bin/ranlib
configure:4235: result: ranlib
configure:4264: checking how to run the C preprocessor
configure:4295: gcc -E  conftest.c
configure:4295: $? = 0
configure:4309: gcc -E  conftest.c
conftest.c:11:28: error: ac_nonexistent.h: No such file or directory
configure:4309: $? = 1
configure: failed program was:
| /* confdefs.h */
| #define PACKAGE_NAME "cts,test"
| #define PACKAGE_TARNAME "cts-test"
| #define PACKAGE_VERSION "3.14"
| #define PACKAGE_STRING "cts,test 3.14"
| #define PACKAGE_BUGREPORT "blog.auxten.com"
| #define PACKAGE_URL ""
| #define PACKAGE "cts,test"
| #define VERSION "3.14"
| /* end confdefs.h.  */
| #include <ac_nonexistent.h>
configure:4334: result: gcc -E
configure:4354: gcc -E  conftest.c
configure:4354: $? = 0
configure:4368: gcc -E  conftest.c
conftest.c:11:28: error: ac_nonexistent.h: No such file or directory
configure:4368: $? = 1
configure: failed program was:
| /* confdefs.h */
| #define PACKAGE_NAME "cts,test"
| #define PACKAGE_TARNAME "cts-test"
| #define PACKAGE_VERSION "3.14"
| #define PACKAGE_STRING "cts,test 3.14"
| #define PACKAGE_BUGREPORT "blog.auxten.com"
| #define PACKAGE_URL ""
| #define PACKAGE "cts,test"
| #define VERSION "3.14"
| /* end confdefs.h.  */
| #include <ac_nonexistent.h>
configure:4397: checking for grep that handles long lines and -e
configure:4455: result: /usr/bin/grep
configure:4460: checking for egrep
configure:4522: result: /usr/bin/grep -E
configure:4527: checking for ANSI C header files
configure:4547: gcc -c -g -O2  conftest.c >&5
configure:4547: $? = 0
configure:4620: gcc -o conftest -g -O2   conftest.c  >&5
configure:4620: $? = 0
configure:4620: ./conftest
configure:4620: $? = 0
configure:4631: result: yes
configure:4644: checking for sys/types.h
configure:4644: gcc -c -g -O2  conftest.c >&5
configure:4644: $? = 0
configure:4644: result: yes
configure:4644: checking for sys/stat.h
configure:4644: gcc -c -g -O2  conftest.c >&5
configure:4644: $? = 0
configure:4644: result: yes
configure:4644: checking for stdlib.h
configure:4644: gcc -c -g -O2  conftest.c >&5
configure:4644: $? = 0
configure:4644: result: yes
configure:4644: checking for string.h
configure:4644: gcc -c -g -O2  conftest.c >&5
configure:4644: $? = 0
configure:4644: result: yes
configure:4644: checking for memory.h
configure:4644: gcc -c -g -O2  conftest.c >&5
configure:4644: $? = 0
configure:4644: result: yes
configure:4644: checking for strings.h
configure:4644: gcc -c -g -O2  conftest.c >&5
configure:4644: $? = 0
configure:4644: result: yes
configure:4644: checking for inttypes.h
configure:4644: gcc -c -g -O2  conftest.c >&5
configure:4644: $? = 0
configure:4644: result: yes
configure:4644: checking for stdint.h
configure:4644: gcc -c -g -O2  conftest.c >&5
configure:4644: $? = 0
configure:4644: result: yes
configure:4644: checking for unistd.h
configure:4644: gcc -c -g -O2  conftest.c >&5
configure:4644: $? = 0
configure:4644: result: yes
configure:4659: checking arpa/inet.h usability
configure:4659: gcc -c -g -O2  conftest.c >&5
configure:4659: $? = 0
configure:4659: result: yes
configure:4659: checking arpa/inet.h presence
configure:4659: gcc -E  conftest.c
configure:4659: $? = 0
configure:4659: result: yes
configure:4659: checking for arpa/inet.h
configure:4659: result: yes
configure:4659: checking fcntl.h usability
configure:4659: gcc -c -g -O2  conftest.c >&5
configure:4659: $? = 0
configure:4659: result: yes
configure:4659: checking fcntl.h presence
configure:4659: gcc -E  conftest.c
configure:4659: $? = 0
configure:4659: result: yes
configure:4659: checking for fcntl.h
configure:4659: result: yes
configure:4659: checking malloc.h usability
configure:4659: gcc -c -g -O2  conftest.c >&5
conftest.c:56:20: error: malloc.h: No such file or directory
configure:4659: $? = 1
configure: failed program was:
| /* confdefs.h */
| #define PACKAGE_NAME "cts,test"
| #define PACKAGE_TARNAME "cts-test"
| #define PACKAGE_VERSION "3.14"
| #define PACKAGE_STRING "cts,test 3.14"
| #define PACKAGE_BUGREPORT "blog.auxten.com"
| #define PACKAGE_URL ""
| #define PACKAGE "cts,test"
| #define VERSION "3.14"
| #define STDC_HEADERS 1
| #define HAVE_SYS_TYPES_H 1
| #define HAVE_SYS_STAT_H 1
| #define HAVE_STDLIB_H 1
| #define HAVE_STRING_H 1
| #define HAVE_MEMORY_H 1
| #define HAVE_STRINGS_H 1
| #define HAVE_INTTYPES_H 1
| #define HAVE_STDINT_H 1
| #define HAVE_UNISTD_H 1
| #define HAVE_ARPA_INET_H 1
| #define HAVE_FCNTL_H 1
| /* end confdefs.h.  */
| #include <stdio.h>
| #ifdef HAVE_SYS_TYPES_H
| # include <sys/types.h>
| #endif
| #ifdef HAVE_SYS_STAT_H
| # include <sys/stat.h>
| #endif
| #ifdef STDC_HEADERS
| # include <stdlib.h>
| # include <stddef.h>
| #else
| # ifdef HAVE_STDLIB_H
| #  include <stdlib.h>
| # endif
| #endif
| #ifdef HAVE_STRING_H
| # if !defined STDC_HEADERS && defined HAVE_MEMORY_H
| #  include <memory.h>
| # endif
| # include <string.h>
| #endif
| #ifdef HAVE_STRINGS_H
| # include <strings.h>
| #endif
| #ifdef HAVE_INTTYPES_H
| # include <inttypes.h>
| #endif
| #ifdef HAVE_STDINT_H
| # include <stdint.h>
| #endif
| #ifdef HAVE_UNISTD_H
| # include <unistd.h>
| #endif
| #include <malloc.h>
configure:4659: result: no
configure:4659: checking malloc.h presence
configure:4659: gcc -E  conftest.c
conftest.c:23:20: error: malloc.h: No such file or directory
configure:4659: $? = 1
configure: failed program was:
| /* confdefs.h */
| #define PACKAGE_NAME "cts,test"
| #define PACKAGE_TARNAME "cts-test"
| #define PACKAGE_VERSION "3.14"
| #define PACKAGE_STRING "cts,test 3.14"
| #define PACKAGE_BUGREPORT "blog.auxten.com"
| #define PACKAGE_URL ""
| #define PACKAGE "cts,test"
| #define VERSION "3.14"
| #define STDC_HEADERS 1
| #define HAVE_SYS_TYPES_H 1
| #define HAVE_SYS_STAT_H 1
| #define HAVE_STDLIB_H 1
| #define HAVE_STRING_H 1
| #define HAVE_MEMORY_H 1
| #define HAVE_STRINGS_H 1
| #define HAVE_INTTYPES_H 1
| #define HAVE_STDINT_H 1
| #define HAVE_UNISTD_H 1
| #define HAVE_ARPA_INET_H 1
| #define HAVE_FCNTL_H 1
| /* end confdefs.h.  */
| #include <malloc.h>
configure:4659: result: no
configure:4659: checking for malloc.h
configure:4659: result: no
configure:4659: checking netinet/in.h usability
configure:4659: gcc -c -g -O2  conftest.c >&5
configure:4659: $? = 0
configure:4659: result: yes
configure:4659: checking netinet/in.h presence
configure:4659: gcc -E  conftest.c
configure:4659: $? = 0
configure:4659: result: yes
configure:4659: checking for netinet/in.h
configure:4659: result: yes
configure:4659: checking for stdlib.h
configure:4659: result: yes
configure:4659: checking for string.h
configure:4659: result: yes
configure:4659: checking sys/socket.h usability
configure:4659: gcc -c -g -O2  conftest.c >&5
configure:4659: $? = 0
configure:4659: result: yes
configure:4659: checking sys/socket.h presence
configure:4659: gcc -E  conftest.c
configure:4659: $? = 0
configure:4659: result: yes
configure:4659: checking for sys/socket.h
configure:4659: result: yes
configure:4659: checking sys/time.h usability
configure:4659: gcc -c -g -O2  conftest.c >&5
configure:4659: $? = 0
configure:4659: result: yes
configure:4659: checking sys/time.h presence
configure:4659: gcc -E  conftest.c
configure:4659: $? = 0
configure:4659: result: yes
configure:4659: checking for sys/time.h
configure:4659: result: yes
configure:4659: checking for unistd.h
configure:4659: result: yes
configure:4675: checking for stdlib.h
configure:4675: result: yes
configure:4685: checking for GNU libc compatible malloc
configure:4709: gcc -o conftest -g -O2   conftest.c  >&5
configure:4709: $? = 0
configure:4709: ./conftest
configure:4709: $? = 0
configure:4719: result: yes
configure:4742: checking for stdlib.h
configure:4742: result: yes
configure:4752: checking for GNU libc compatible realloc
configure:4776: gcc -o conftest -g -O2   conftest.c  >&5
configure:4776: $? = 0
configure:4776: ./conftest
configure:4776: $? = 0
configure:4786: result: yes
configure:4810: checking for gettimeofday
configure:4810: gcc -o conftest -g -O2   conftest.c  >&5
configure:4810: $? = 0
configure:4810: result: yes
configure:4810: checking for inet_ntoa
configure:4810: gcc -o conftest -g -O2   conftest.c  >&5
configure:4810: $? = 0
configure:4810: result: yes
configure:4810: checking for memset
configure:4810: gcc -o conftest -g -O2   conftest.c  >&5
conftest.c:58: warning: conflicting types for built-in function 'memset'
configure:4810: $? = 0
configure:4810: result: yes
configure:4810: checking for socket
configure:4810: gcc -o conftest -g -O2   conftest.c  >&5
configure:4810: $? = 0
configure:4810: result: yes
configure:4810: checking for strerror
configure:4810: gcc -o conftest -g -O2   conftest.c  >&5
configure:4810: $? = 0
configure:4810: result: yes
configure:4956: creating ./config.status

## ---------------------- ##
## Running config.status. ##
## ---------------------- ##

This file was extended by cts,test config.status 3.14, which was
generated by GNU Autoconf 2.68.  Invocation command line was

  CONFIG_FILES    = 
  CONFIG_HEADERS  = 
  CONFIG_LINKS    = 
  CONFIG_COMMANDS = 
  $ ./config.status 

on Aux

config.status:885: creating Makefile
config.status:885: creating src/Makefile
config.status:885: creating test/Makefile
config.status:885: creating config.h
config.status:1066: config.h is unchanged
config.status:1114: executing depfiles commands

## ---------------- ##
## Cache variables. ##
## ---------------- ##

ac_cv_c_compiler_gnu=yes
ac_cv_cxx_compiler_gnu=yes
ac_cv_env_CCC_set=
ac_cv_env_CCC_value=
ac_cv_env_CC_set=
ac_cv_env_CC_value=
ac_cv_env_CFLAGS_set=
ac_cv_env_CFLAGS_value=
ac_cv_env_CPPFLAGS_set=
ac_cv_env_CPPFLAGS_value=
ac_cv_env_CPP_set=
ac_cv_env_CPP_value=
ac_cv_env_CXXFLAGS_set=
ac_cv_env_CXXFLAGS_value=
ac_cv_env_CXX_set=
ac_cv_env_CXX_value=
ac_cv_env_LDFLAGS_set=
ac_cv_env_LDFLAGS_value=
ac_cv_env_LIBS_set=
ac_cv_env_LIBS_value=
ac_cv_env_build_alias_set=
ac_cv_env_build_alias_value=
ac_cv_env_host_alias_set=
ac_cv_env_host_alias_value=
ac_cv_env_target_alias_set=
ac_cv_env_target_alias_value=
ac_cv_func_gettimeofday=yes
ac_cv_func_inet_ntoa=yes
ac_cv_func_malloc_0_nonnull=yes
ac_cv_func_memset=yes
ac_cv_func_realloc_0_nonnull=yes
ac_cv_func_socket=yes
ac_cv_func_strerror=yes
ac_cv_header_arpa_inet_h=yes
ac_cv_header_fcntl_h=yes
ac_cv_header_inttypes_h=yes
ac_cv_header_malloc_h=no
ac_cv_header_memory_h=yes
ac_cv_header_netinet_in_h=yes
ac_cv_header_stdc=yes
ac_cv_header_stdint_h=yes
ac_cv_header_stdlib_h=yes
ac_cv_header_string_h=yes
ac_cv_header_strings_h=yes
ac_cv_header_sys_socket_h=yes
ac_cv_header_sys_stat_h=yes
ac_cv_header_sys_time_h=yes
ac_cv_header_sys_types_h=yes
ac_cv_header_unistd_h=yes
ac_cv_objext=o
ac_cv_path_EGREP='/usr/bin/grep -E'
ac_cv_path_GREP=/usr/bin/grep
ac_cv_path_install='/opt/local/bin/ginstall -c'
ac_cv_path_mkdir=/opt/local/bin/gmkdir
ac_cv_prog_AWK=awk
ac_cv_prog_CPP='gcc -E'
ac_cv_prog_ac_ct_CC=gcc
ac_cv_prog_ac_ct_CXX=g++
ac_cv_prog_ac_ct_RANLIB=ranlib
ac_cv_prog_cc_c89=
ac_cv_prog_cc_g=yes
ac_cv_prog_cxx_g=yes
ac_cv_prog_make_make_set=yes
ac_cv_search_clock_gettime=no
ac_cv_search_pthread_rwlock_init='none required'
am_cv_CC_dependencies_compiler_type=gcc3
am_cv_CXX_dependencies_compiler_type=gcc3

## ----------------- ##
## Output variables. ##
## ----------------- ##

ACLOCAL='${SHELL} /Users/auxten/Documents/Codes/gingko/src/cts/missing --run aclocal-1.11'
AMDEPBACKSLASH='\'
AMDEP_FALSE='#'
AMDEP_TRUE=''
AMTAR='${SHELL} /Users/auxten/Documents/Codes/gingko/src/cts/missing --run tar'
AUTOCONF='${SHELL} /Users/auxten/Documents/Codes/gingko/src/cts/missing --run autoconf'
AUTOHEADER='${SHELL} /Users/auxten/Documents/Codes/gingko/src/cts/missing --run autoheader'
AUTOMAKE='${SHELL} /Users/auxten/Documents/Codes/gingko/src/cts/missing --run automake-1.11'
AWK='awk'
CC='gcc'
CCDEPMODE='depmode=gcc3'
CFLAGS='-g -O2'
CPP='gcc -E'
CPPFLAGS=''
CXX='g++'
CXXDEPMODE='depmode=gcc3'
CXXFLAGS='-g -O2'
CYGPATH_W='echo'
DEFS='-DHAVE_CONFIG_H'
DEPDIR='.deps'
ECHO_C='\c'
ECHO_N=''
ECHO_T=''
EGREP='/usr/bin/grep -E'
EXEEXT=''
GREP='/usr/bin/grep'
INSTALL_DATA='${INSTALL} -m 644'
INSTALL_PROGRAM='${INSTALL}'
INSTALL_SCRIPT='${INSTALL}'
INSTALL_STRIP_PROGRAM='$(install_sh) -c -s'
LDFLAGS=''
LIBOBJS=''
LIBS=''
LTLIBOBJS=''
MAKEINFO='${SHELL} /Users/auxten/Documents/Codes/gingko/src/cts/missing --run makeinfo'
MKDIR_P='/opt/local/bin/gmkdir -p'
OBJEXT='o'
PACKAGE='cts,test'
PACKAGE_BUGREPORT='blog.auxten.com'
PACKAGE_NAME='cts,test'
PACKAGE_STRING='cts,test 3.14'
PACKAGE_TARNAME='cts-test'
PACKAGE_URL=''
PACKAGE_VERSION='3.14'
PATH_SEPARATOR=':'
RANLIB='ranlib'
SET_MAKE=''
SHELL='/bin/sh'
STRIP=''
VERSION='3.14'
ac_ct_CC='gcc'
ac_ct_CXX='g++'
am__EXEEXT_FALSE=''
am__EXEEXT_TRUE='#'
am__fastdepCC_FALSE='#'
am__fastdepCC_TRUE=''
am__fastdepCXX_FALSE='#'
am__fastdepCXX_TRUE=''
am__include='include'
am__isrc=''
am__leading_dot='.'
am__quote=''
am__tar='${AMTAR} chof - "$$tardir"'
am__untar='${AMTAR} xf -'
bindir='${exec_prefix}/bin'
build_alias=''
datadir='${datarootdir}'
datarootdir='${prefix}/share'
docdir='${datarootdir}/doc/${PACKAGE_TARNAME}'
dvidir='${docdir}'
exec_prefix='${prefix}'
host_alias=''
htmldir='${docdir}'
includedir='${prefix}/include'
infodir='${datarootdir}/info'
install_sh='${SHELL} /Users/auxten/Documents/Codes/gingko/src/cts/install-sh'
libdir='${exec_prefix}/lib'
libexecdir='${exec_prefix}/libexec'
localedir='${datarootdir}/locale'
localstatedir='${prefix}/var'
mandir='${datarootdir}/man'
mkdir_p='/opt/local/bin/gmkdir -p'
oldincludedir='/usr/include'
pdfdir='${docdir}'
prefix='/usr/local'
program_transform_name='s,x,x,'
psdir='${docdir}'
sbindir='${exec_prefix}/sbin'
sharedstatedir='${prefix}/com'
sysconfdir='${prefix}/etc'
target_alias=''

## ----------- ##
## confdefs.h. ##
## ----------- ##

/* confdefs.h */
#define PACKAGE_NAME "cts,test"
#define PACKAGE_TARNAME "cts-test"
#define PACKAGE_VERSION "3.14"
#define PACKAGE_STRING "cts,test 3.14"
#define PACKAGE_BUGREPORT "blog.auxten.com"
#define PACKAGE_URL ""
#define PACKAGE "cts,test"
#define VERSION "3.14"
#define STDC_HEADERS 1
#define HAVE_SYS_TYPES_H 1
#define HAVE_SYS_STAT_H 1
#define HAVE_STDLIB_H 1
#define HAVE_STRING_H 1
#define HAVE_MEMORY_H 1
#define HAVE_STRINGS_H 1
#define HAVE_INTTYPES_H 1
#define HAVE_STDINT_H 1
#define HAVE_UNISTD_H 1
#define HAVE_ARPA_INET_H 1
#define HAVE_FCNTL_H 1
#define HAVE_NETINET_IN_H 1
#define HAVE_STDLIB_H 1
#define HAVE_STRING_H 1
#define HAVE_SYS_SOCKET_H 1
#define HAVE_SYS_TIME_H 1
#define HAVE_UNISTD_H 1
#define HAVE_STDLIB_H 1
#define HAVE_MALLOC 1
#define HAVE_STDLIB_H 1
#define HAVE_REALLOC 1
#define HAVE_GETTIMEOFDAY 1
#define HAVE_INET_NTOA 1
#define HAVE_MEMSET 1
#define HAVE_SOCKET 1
#define HAVE_STRERROR 1

configure: exit 0
