This file contains any messages produced by compilers while
running configure, to aid debugging if configure makes a mistake.

It was created by gingko_serv,gingko_clnt,gingko_test_clnt configure 3.14, which was
generated by GNU Autoconf 2.68.  Invocation command line was

  $ ./configure CXXFLAGS=-O0 -ggdb --enable-debug

## --------- ##
## Platform. ##
## --------- ##

hostname = Aux
uname -m = i386
uname -r = 10.7.0
uname -s = Darwin
uname -v = Darwin Kernel Version 10.7.0: Sat Jan 29 15:17:16 PST 2011; root:xnu-1504.9.37~1/RELEASE_I386

/usr/bin/uname -p = i386
/bin/uname -X     = unknown

/bin/arch              = unknown
/usr/bin/arch -k       = unknown
/usr/convex/getsysinfo = unknown
/usr/bin/hostinfo      = Mach kernel version:
	 Darwin Kernel Version 10.7.0: Sat Jan 29 15:17:16 PST 2011; root:xnu-1504.9.37~1/RELEASE_I386
Kernel configured for up to 2 processors.
2 processors are physically available.
2 processors are logically available.
Processor type: i486 (Intel 80486)
Processors active: 0 1
Primary memory available: 4.00 gigabytes
Default processor set: 101 tasks, 509 threads, 2 processors
Load average: 1.19, Mach factor: 1.04
/bin/machine           = unknown
/usr/bin/oslevel       = unknown
/bin/universe          = unknown

PATH: /opt/local/bin
PATH: /opt/local/sbin
PATH: /Users/auxten/scripts/
PATH: /usr/bin
PATH: /bin
PATH: /usr/sbin
PATH: /sbin
PATH: /usr/local/bin
PATH: /usr/X11/bin


## ----------- ##
## Core tests. ##
## ----------- ##

configure:2276: checking for a BSD-compatible install
configure:2344: result: /opt/local/bin/ginstall -c
configure:2355: checking whether build environment is sane
configure:2405: result: yes
configure:2546: checking for a thread-safe mkdir -p
configure:2585: result: /opt/local/bin/gmkdir -p
configure:2598: checking for gawk
configure:2628: result: no
configure:2598: checking for mawk
configure:2628: result: no
configure:2598: checking for nawk
configure:2628: result: no
configure:2598: checking for awk
configure:2614: found /usr/bin/awk
configure:2625: result: awk
configure:2636: checking whether make sets $(MAKE)
configure:2658: result: yes
configure:2743: checking whether to build with debug information
configure:2752: result: yes
configure:2829: checking for g++
configure:2845: found /usr/bin/g++
configure:2856: result: g++
configure:2883: checking for C++ compiler version
configure:2892: g++ --version >&5
i686-apple-darwin10-g++-4.2.1 (GCC) 4.2.1 (Apple Inc. build 5666) (dot 3)
Copyright (C) 2007 Free Software Foundation, Inc.
This is free software; see the source for copying conditions.  There is NO
warranty; not even for MERCHANTABILITY or FITNESS FOR A PARTICULAR PURPOSE.

configure:2903: $? = 0
configure:2892: g++ -v >&5
Using built-in specs.
Target: i686-apple-darwin10
Configured with: /var/tmp/gcc/gcc-5666.3~123/src/configure --disable-checking --enable-werror --prefix=/usr --mandir=/share/man --enable-languages=c,objc,c++,obj-c++ --program-transform-name=/^[cg][^.-]*$/s/$/-4.2/ --with-slibdir=/usr/lib --build=i686-apple-darwin10 --program-prefix=i686-apple-darwin10- --host=x86_64-apple-darwin10 --target=i686-apple-darwin10 --with-gxx-include-dir=/include/c++/4.2.1
Thread model: posix
gcc version 4.2.1 (Apple Inc. build 5666) (dot 3)
configure:2903: $? = 0
configure:2892: g++ -V >&5
g++-4.2: argument to `-V' is missing
configure:2903: $? = 1
configure:2892: g++ -qversion >&5
i686-apple-darwin10-g++-4.2.1: no input files
configure:2903: $? = 1
configure:2923: checking whether the C++ compiler works
configure:2945: g++ -O0 -ggdb   conftest.cpp  >&5
configure:2949: $? = 0
configure:2997: result: yes
configure:3000: checking for C++ compiler default output file name
configure:3002: result: a.out
configure:3008: checking for suffix of executables
configure:3015: g++ -o conftest -O0 -ggdb   conftest.cpp  >&5
configure:3019: $? = 0
configure:3041: result: 
configure:3063: checking whether we are cross compiling
configure:3071: g++ -o conftest -O0 -ggdb   conftest.cpp  >&5
configure:3075: $? = 0
configure:3082: ./conftest
configure:3086: $? = 0
configure:3101: result: no
configure:3106: checking for suffix of object files
configure:3128: g++ -c -O0 -ggdb  conftest.cpp >&5
configure:3132: $? = 0
configure:3153: result: o
configure:3157: checking whether we are using the GNU C++ compiler
configure:3176: g++ -c -O0 -ggdb  conftest.cpp >&5
configure:3176: $? = 0
configure:3185: result: yes
configure:3194: checking whether g++ accepts -g
configure:3214: g++ -c -g  conftest.cpp >&5
configure:3214: $? = 0
configure:3255: result: yes
configure:3289: checking for style of include used by make
configure:3317: result: GNU
configure:3342: checking dependency style of g++
configure:3452: result: gcc3
configure:3515: checking for gcc
configure:3531: found /usr/bin/gcc
configure:3542: result: gcc
configure:3771: checking for C compiler version
configure:3780: gcc --version >&5
i686-apple-darwin10-gcc-4.2.1 (GCC) 4.2.1 (Apple Inc. build 5666) (dot 3)
Copyright (C) 2007 Free Software Foundation, Inc.
This is free software; see the source for copying conditions.  There is NO
warranty; not even for MERCHANTABILITY or FITNESS FOR A PARTICULAR PURPOSE.

configure:3791: $? = 0
configure:3780: gcc -v >&5
Using built-in specs.
Target: i686-apple-darwin10
Configured with: /var/tmp/gcc/gcc-5666.3~123/src/configure --disable-checking --enable-werror --prefix=/usr --mandir=/share/man --enable-languages=c,objc,c++,obj-c++ --program-transform-name=/^[cg][^.-]*$/s/$/-4.2/ --with-slibdir=/usr/lib --build=i686-apple-darwin10 --program-prefix=i686-apple-darwin10- --host=x86_64-apple-darwin10 --target=i686-apple-darwin10 --with-gxx-include-dir=/include/c++/4.2.1
Thread model: posix
gcc version 4.2.1 (Apple Inc. build 5666) (dot 3)
configure:3791: $? = 0
configure:3780: gcc -V >&5
gcc-4.2: argument to `-V' is missing
configure:3791: $? = 1
configure:3780: gcc -qversion >&5
i686-apple-darwin10-gcc-4.2.1: no input files
configure:3791: $? = 1
configure:3795: checking whether we are using the GNU C compiler
configure:3814: gcc -c   conftest.c >&5
configure:3814: $? = 0
configure:3823: result: yes
configure:3832: checking whether gcc accepts -g
configure:3852: gcc -c -g  conftest.c >&5
configure:3852: $? = 0
configure:3893: result: yes
configure:3910: checking for gcc option to accept ISO C89
configure:3974: gcc  -c -g -O2  conftest.c >&5
configure:3974: $? = 0
configure:3987: result: none needed
configure:4009: checking dependency style of gcc
configure:4119: result: gcc3
configure:4134: checking whether make sets $(MAKE)
configure:4156: result: yes
configure:4168: checking for library containing pthread_rwlock_init
configure:4199: gcc -o conftest -g -O2   conftest.c  >&5
configure:4199: $? = 0
configure:4216: result: none required
configure:4224: checking for library containing clock_gettime
configure:4255: gcc -o conftest -g -O2   conftest.c  >&5
Undefined symbols for architecture x86_64:
  "_clock_gettime", referenced from:
      _main in ccTkJzme.o
ld: symbol(s) not found for architecture x86_64
collect2: ld returned 1 exit status
configure:4255: $? = 1
configure: failed program was:
| /* confdefs.h */
| #define PACKAGE_NAME "gingko_serv,gingko_clnt,gingko_test_clnt"
| #define PACKAGE_TARNAME "gingko_serv-gingko_clnt-gingko_test_clnt"
| #define PACKAGE_VERSION "3.14"
| #define PACKAGE_STRING "gingko_serv,gingko_clnt,gingko_test_clnt 3.14"
| #define PACKAGE_BUGREPORT "blog.auxten.com"
| #define PACKAGE_URL ""
| #define PACKAGE "gingko_serv,gingko_clnt,gingko_test_clnt"
| #define VERSION "3.14"
| #define DEBUG /**/
| /* end confdefs.h.  */
| 
| /* Override any GCC internal prototype to avoid an error.
|    Use char because int might match the return type of a GCC
|    builtin and then its argument prototype would still apply.  */
| #ifdef __cplusplus
| extern "C"
| #endif
| char clock_gettime ();
| int
| main ()
| {
| return clock_gettime ();
|   ;
|   return 0;
| }
configure:4255: gcc -o conftest -g -O2   conftest.c -lrt   >&5
ld: library not found for -lrt
collect2: ld returned 1 exit status
configure:4255: $? = 1
configure: failed program was:
| /* confdefs.h */
| #define PACKAGE_NAME "gingko_serv,gingko_clnt,gingko_test_clnt"
| #define PACKAGE_TARNAME "gingko_serv-gingko_clnt-gingko_test_clnt"
| #define PACKAGE_VERSION "3.14"
| #define PACKAGE_STRING "gingko_serv,gingko_clnt,gingko_test_clnt 3.14"
| #define PACKAGE_BUGREPORT "blog.auxten.com"
| #define PACKAGE_URL ""
| #define PACKAGE "gingko_serv,gingko_clnt,gingko_test_clnt"
| #define VERSION "3.14"
| #define DEBUG /**/
| /* end confdefs.h.  */
| 
| /* Override any GCC internal prototype to avoid an error.
|    Use char because int might match the return type of a GCC
|    builtin and then its argument prototype would still apply.  */
| #ifdef __cplusplus
| extern "C"
| #endif
| char clock_gettime ();
| int
| main ()
| {
| return clock_gettime ();
|   ;
|   return 0;
| }
configure:4272: result: no
configure:4323: checking for ranlib
configure:4339: found /usr/bin/ranlib
configure:4350: result: ranlib
configure:4379: checking how to run the C preprocessor
configure:4410: gcc -E  conftest.c
configure:4410: $? = 0
configure:4424: gcc -E  conftest.c
conftest.c:12:28: error: ac_nonexistent.h: No such file or directory
configure:4424: $? = 1
configure: failed program was:
| /* confdefs.h */
| #define PACKAGE_NAME "gingko_serv,gingko_clnt,gingko_test_clnt"
| #define PACKAGE_TARNAME "gingko_serv-gingko_clnt-gingko_test_clnt"
| #define PACKAGE_VERSION "3.14"
| #define PACKAGE_STRING "gingko_serv,gingko_clnt,gingko_test_clnt 3.14"
| #define PACKAGE_BUGREPORT "blog.auxten.com"
| #define PACKAGE_URL ""
| #define PACKAGE "gingko_serv,gingko_clnt,gingko_test_clnt"
| #define VERSION "3.14"
| #define DEBUG /**/
| /* end confdefs.h.  */
| #include <ac_nonexistent.h>
configure:4449: result: gcc -E
configure:4469: gcc -E  conftest.c
configure:4469: $? = 0
configure:4483: gcc -E  conftest.c
conftest.c:12:28: error: ac_nonexistent.h: No such file or directory
configure:4483: $? = 1
configure: failed program was:
| /* confdefs.h */
| #define PACKAGE_NAME "gingko_serv,gingko_clnt,gingko_test_clnt"
| #define PACKAGE_TARNAME "gingko_serv-gingko_clnt-gingko_test_clnt"
| #define PACKAGE_VERSION "3.14"
| #define PACKAGE_STRING "gingko_serv,gingko_clnt,gingko_test_clnt 3.14"
| #define PACKAGE_BUGREPORT "blog.auxten.com"
| #define PACKAGE_URL ""
| #define PACKAGE "gingko_serv,gingko_clnt,gingko_test_clnt"
| #define VERSION "3.14"
| #define DEBUG /**/
| /* end confdefs.h.  */
| #include <ac_nonexistent.h>
configure:4512: checking for grep that handles long lines and -e
configure:4570: result: /usr/bin/grep
configure:4575: checking for egrep
configure:4637: result: /usr/bin/grep -E
configure:4642: checking for ANSI C header files
configure:4662: gcc -c -g -O2  conftest.c >&5
configure:4662: $? = 0
configure:4735: gcc -o conftest -g -O2   conftest.c  >&5
configure:4735: $? = 0
configure:4735: ./conftest
configure:4735: $? = 0
configure:4746: result: yes
configure:4759: checking for sys/types.h
configure:4759: gcc -c -g -O2  conftest.c >&5
configure:4759: $? = 0
configure:4759: result: yes
configure:4759: checking for sys/stat.h
configure:4759: gcc -c -g -O2  conftest.c >&5
configure:4759: $? = 0
configure:4759: result: yes
configure:4759: checking for stdlib.h
configure:4759: gcc -c -g -O2  conftest.c >&5
configure:4759: $? = 0
configure:4759: result: yes
configure:4759: checking for string.h
configure:4759: gcc -c -g -O2  conftest.c >&5
configure:4759: $? = 0
configure:4759: result: yes
configure:4759: checking for memory.h
configure:4759: gcc -c -g -O2  conftest.c >&5
configure:4759: $? = 0
configure:4759: result: yes
configure:4759: checking for strings.h
configure:4759: gcc -c -g -O2  conftest.c >&5
configure:4759: $? = 0
configure:4759: result: yes
configure:4759: checking for inttypes.h
configure:4759: gcc -c -g -O2  conftest.c >&5
configure:4759: $? = 0
configure:4759: result: yes
configure:4759: checking for stdint.h
configure:4759: gcc -c -g -O2  conftest.c >&5
configure:4759: $? = 0
configure:4759: result: yes
configure:4759: checking for unistd.h
configure:4759: gcc -c -g -O2  conftest.c >&5
configure:4759: $? = 0
configure:4759: result: yes
configure:4774: checking arpa/inet.h usability
configure:4774: gcc -c -g -O2  conftest.c >&5
configure:4774: $? = 0
configure:4774: result: yes
configure:4774: checking arpa/inet.h presence
configure:4774: gcc -E  conftest.c
configure:4774: $? = 0
configure:4774: result: yes
configure:4774: checking for arpa/inet.h
configure:4774: result: yes
configure:4774: checking fcntl.h usability
configure:4774: gcc -c -g -O2  conftest.c >&5
configure:4774: $? = 0
configure:4774: result: yes
configure:4774: checking fcntl.h presence
configure:4774: gcc -E  conftest.c
configure:4774: $? = 0
configure:4774: result: yes
configure:4774: checking for fcntl.h
configure:4774: result: yes
configure:4774: checking netdb.h usability
configure:4774: gcc -c -g -O2  conftest.c >&5
configure:4774: $? = 0
configure:4774: result: yes
configure:4774: checking netdb.h presence
configure:4774: gcc -E  conftest.c
configure:4774: $? = 0
configure:4774: result: yes
configure:4774: checking for netdb.h
configure:4774: result: yes
configure:4774: checking netinet/in.h usability
configure:4774: gcc -c -g -O2  conftest.c >&5
configure:4774: $? = 0
configure:4774: result: yes
configure:4774: checking netinet/in.h presence
configure:4774: gcc -E  conftest.c
configure:4774: $? = 0
configure:4774: result: yes
configure:4774: checking for netinet/in.h
configure:4774: result: yes
configure:4774: checking for stdlib.h
configure:4774: result: yes
configure:4774: checking for string.h
configure:4774: result: yes
configure:4774: checking sys/socket.h usability
configure:4774: gcc -c -g -O2  conftest.c >&5
configure:4774: $? = 0
configure:4774: result: yes
configure:4774: checking sys/socket.h presence
configure:4774: gcc -E  conftest.c
configure:4774: $? = 0
configure:4774: result: yes
configure:4774: checking for sys/socket.h
configure:4774: result: yes
configure:4774: checking for unistd.h
configure:4774: result: yes
configure:4786: checking for mode_t
configure:4786: gcc -c -g -O2  conftest.c >&5
configure:4786: $? = 0
configure:4786: gcc -c -g -O2  conftest.c >&5
conftest.c: In function 'main':
conftest.c:66: error: expected expression before ')' token
configure:4786: $? = 1
configure: failed program was:
| /* confdefs.h */
| #define PACKAGE_NAME "gingko_serv,gingko_clnt,gingko_test_clnt"
| #define PACKAGE_TARNAME "gingko_serv-gingko_clnt-gingko_test_clnt"
| #define PACKAGE_VERSION "3.14"
| #define PACKAGE_STRING "gingko_serv,gingko_clnt,gingko_test_clnt 3.14"
| #define PACKAGE_BUGREPORT "blog.auxten.com"
| #define PACKAGE_URL ""
| #define PACKAGE "gingko_serv,gingko_clnt,gingko_test_clnt"
| #define VERSION "3.14"
| #define DEBUG /**/
| #define STDC_HEADERS 1
| #define HAVE_SYS_TYPES_H 1
| #define HAVE_SYS_STAT_H 1
| #define HAVE_STDLIB_H 1
| #define HAVE_STRING_H 1
| #define HAVE_MEMORY_H 1
| #define HAVE_STRINGS_H 1
| #define HAVE_INTTYPES_H 1
| #define HAVE_STDINT_H 1
| #define HAVE_UNISTD_H 1
| #define HAVE_ARPA_INET_H 1
| #define HAVE_FCNTL_H 1
| #define HAVE_NETDB_H 1
| #define HAVE_NETINET_IN_H 1
| #define HAVE_STDLIB_H 1
| #define HAVE_STRING_H 1
| #define HAVE_SYS_SOCKET_H 1
| #define HAVE_UNISTD_H 1
| /* end confdefs.h.  */
| #include <stdio.h>
| #ifdef HAVE_SYS_TYPES_H
| # include <sys/types.h>
| #endif
| #ifdef HAVE_SYS_STAT_H
| # include <sys/stat.h>
| #endif
| #ifdef STDC_HEADERS
| # include <stdlib.h>
| # include <stddef.h>
| #else
| # ifdef HAVE_STDLIB_H
| #  include <stdlib.h>
| # endif
| #endif
| #ifdef HAVE_STRING_H
| # if !defined STDC_HEADERS && defined HAVE_MEMORY_H
| #  include <memory.h>
| # endif
| # include <string.h>
| #endif
| #ifdef HAVE_STRINGS_H
| # include <strings.h>
| #endif
| #ifdef HAVE_INTTYPES_H
| # include <inttypes.h>
| #endif
| #ifdef HAVE_STDINT_H
| # include <stdint.h>
| #endif
| #ifdef HAVE_UNISTD_H
| # include <unistd.h>
| #endif
| int
| main ()
| {
| if (sizeof ((mode_t)))
| 	    return 0;
|   ;
|   return 0;
| }
configure:4786: result: yes
configure:4797: checking for size_t
configure:4797: gcc -c -g -O2  conftest.c >&5
configure:4797: $? = 0
configure:4797: gcc -c -g -O2  conftest.c >&5
conftest.c: In function 'main':
conftest.c:66: error: expected expression before ')' token
configure:4797: $? = 1
configure: failed program was:
| /* confdefs.h */
| #define PACKAGE_NAME "gingko_serv,gingko_clnt,gingko_test_clnt"
| #define PACKAGE_TARNAME "gingko_serv-gingko_clnt-gingko_test_clnt"
| #define PACKAGE_VERSION "3.14"
| #define PACKAGE_STRING "gingko_serv,gingko_clnt,gingko_test_clnt 3.14"
| #define PACKAGE_BUGREPORT "blog.auxten.com"
| #define PACKAGE_URL ""
| #define PACKAGE "gingko_serv,gingko_clnt,gingko_test_clnt"
| #define VERSION "3.14"
| #define DEBUG /**/
| #define STDC_HEADERS 1
| #define HAVE_SYS_TYPES_H 1
| #define HAVE_SYS_STAT_H 1
| #define HAVE_STDLIB_H 1
| #define HAVE_STRING_H 1
| #define HAVE_MEMORY_H 1
| #define HAVE_STRINGS_H 1
| #define HAVE_INTTYPES_H 1
| #define HAVE_STDINT_H 1
| #define HAVE_UNISTD_H 1
| #define HAVE_ARPA_INET_H 1
| #define HAVE_FCNTL_H 1
| #define HAVE_NETDB_H 1
| #define HAVE_NETINET_IN_H 1
| #define HAVE_STDLIB_H 1
| #define HAVE_STRING_H 1
| #define HAVE_SYS_SOCKET_H 1
| #define HAVE_UNISTD_H 1
| /* end confdefs.h.  */
| #include <stdio.h>
| #ifdef HAVE_SYS_TYPES_H
| # include <sys/types.h>
| #endif
| #ifdef HAVE_SYS_STAT_H
| # include <sys/stat.h>
| #endif
| #ifdef STDC_HEADERS
| # include <stdlib.h>
| # include <stddef.h>
| #else
| # ifdef HAVE_STDLIB_H
| #  include <stdlib.h>
| # endif
| #endif
| #ifdef HAVE_STRING_H
| # if !defined STDC_HEADERS && defined HAVE_MEMORY_H
| #  include <memory.h>
| # endif
| # include <string.h>
| #endif
| #ifdef HAVE_STRINGS_H
| # include <strings.h>
| #endif
| #ifdef HAVE_INTTYPES_H
| # include <inttypes.h>
| #endif
| #ifdef HAVE_STDINT_H
| # include <stdint.h>
| #endif
| #ifdef HAVE_UNISTD_H
| # include <unistd.h>
| #endif
| int
| main ()
| {
| if (sizeof ((size_t)))
| 	    return 0;
|   ;
|   return 0;
| }
configure:4797: result: yes
configure:4810: checking for pid_t
configure:4810: gcc -c -g -O2  conftest.c >&5
configure:4810: $? = 0
configure:4810: gcc -c -g -O2  conftest.c >&5
conftest.c: In function 'main':
conftest.c:66: error: expected expression before ')' token
configure:4810: $? = 1
configure: failed program was:
| /* confdefs.h */
| #define PACKAGE_NAME "gingko_serv,gingko_clnt,gingko_test_clnt"
| #define PACKAGE_TARNAME "gingko_serv-gingko_clnt-gingko_test_clnt"
| #define PACKAGE_VERSION "3.14"
| #define PACKAGE_STRING "gingko_serv,gingko_clnt,gingko_test_clnt 3.14"
| #define PACKAGE_BUGREPORT "blog.auxten.com"
| #define PACKAGE_URL ""
| #define PACKAGE "gingko_serv,gingko_clnt,gingko_test_clnt"
| #define VERSION "3.14"
| #define DEBUG /**/
| #define STDC_HEADERS 1
| #define HAVE_SYS_TYPES_H 1
| #define HAVE_SYS_STAT_H 1
| #define HAVE_STDLIB_H 1
| #define HAVE_STRING_H 1
| #define HAVE_MEMORY_H 1
| #define HAVE_STRINGS_H 1
| #define HAVE_INTTYPES_H 1
| #define HAVE_STDINT_H 1
| #define HAVE_UNISTD_H 1
| #define HAVE_ARPA_INET_H 1
| #define HAVE_FCNTL_H 1
| #define HAVE_NETDB_H 1
| #define HAVE_NETINET_IN_H 1
| #define HAVE_STDLIB_H 1
| #define HAVE_STRING_H 1
| #define HAVE_SYS_SOCKET_H 1
| #define HAVE_UNISTD_H 1
| /* end confdefs.h.  */
| #include <stdio.h>
| #ifdef HAVE_SYS_TYPES_H
| # include <sys/types.h>
| #endif
| #ifdef HAVE_SYS_STAT_H
| # include <sys/stat.h>
| #endif
| #ifdef STDC_HEADERS
| # include <stdlib.h>
| # include <stddef.h>
| #else
| # ifdef HAVE_STDLIB_H
| #  include <stdlib.h>
| # endif
| #endif
| #ifdef HAVE_STRING_H
| # if !defined STDC_HEADERS && defined HAVE_MEMORY_H
| #  include <memory.h>
| # endif
| # include <string.h>
| #endif
| #ifdef HAVE_STRINGS_H
| # include <strings.h>
| #endif
| #ifdef HAVE_INTTYPES_H
| # include <inttypes.h>
| #endif
| #ifdef HAVE_STDINT_H
| # include <stdint.h>
| #endif
| #ifdef HAVE_UNISTD_H
| # include <unistd.h>
| #endif
| int
| main ()
| {
| if (sizeof ((pid_t)))
| 	    return 0;
|   ;
|   return 0;
| }
configure:4810: result: yes
configure:4823: checking vfork.h usability
configure:4823: gcc -c -g -O2  conftest.c >&5
conftest.c:63:19: error: vfork.h: No such file or directory
configure:4823: $? = 1
configure: failed program was:
| /* confdefs.h */
| #define PACKAGE_NAME "gingko_serv,gingko_clnt,gingko_test_clnt"
| #define PACKAGE_TARNAME "gingko_serv-gingko_clnt-gingko_test_clnt"
| #define PACKAGE_VERSION "3.14"
| #define PACKAGE_STRING "gingko_serv,gingko_clnt,gingko_test_clnt 3.14"
| #define PACKAGE_BUGREPORT "blog.auxten.com"
| #define PACKAGE_URL ""
| #define PACKAGE "gingko_serv,gingko_clnt,gingko_test_clnt"
| #define VERSION "3.14"
| #define DEBUG /**/
| #define STDC_HEADERS 1
| #define HAVE_SYS_TYPES_H 1
| #define HAVE_SYS_STAT_H 1
| #define HAVE_STDLIB_H 1
| #define HAVE_STRING_H 1
| #define HAVE_MEMORY_H 1
| #define HAVE_STRINGS_H 1
| #define HAVE_INTTYPES_H 1
| #define HAVE_STDINT_H 1
| #define HAVE_UNISTD_H 1
| #define HAVE_ARPA_INET_H 1
| #define HAVE_FCNTL_H 1
| #define HAVE_NETDB_H 1
| #define HAVE_NETINET_IN_H 1
| #define HAVE_STDLIB_H 1
| #define HAVE_STRING_H 1
| #define HAVE_SYS_SOCKET_H 1
| #define HAVE_UNISTD_H 1
| /* end confdefs.h.  */
| #include <stdio.h>
| #ifdef HAVE_SYS_TYPES_H
| # include <sys/types.h>
| #endif
| #ifdef HAVE_SYS_STAT_H
| # include <sys/stat.h>
| #endif
| #ifdef STDC_HEADERS
| # include <stdlib.h>
| # include <stddef.h>
| #else
| # ifdef HAVE_STDLIB_H
| #  include <stdlib.h>
| # endif
| #endif
| #ifdef HAVE_STRING_H
| # if !defined STDC_HEADERS && defined HAVE_MEMORY_H
| #  include <memory.h>
| # endif
| # include <string.h>
| #endif
| #ifdef HAVE_STRINGS_H
| # include <strings.h>
| #endif
| #ifdef HAVE_INTTYPES_H
| # include <inttypes.h>
| #endif
| #ifdef HAVE_STDINT_H
| # include <stdint.h>
| #endif
| #ifdef HAVE_UNISTD_H
| # include <unistd.h>
| #endif
| #include <vfork.h>
configure:4823: result: no
configure:4823: checking vfork.h presence
configure:4823: gcc -E  conftest.c
conftest.c:30:19: error: vfork.h: No such file or directory
configure:4823: $? = 1
configure: failed program was:
| /* confdefs.h */
| #define PACKAGE_NAME "gingko_serv,gingko_clnt,gingko_test_clnt"
| #define PACKAGE_TARNAME "gingko_serv-gingko_clnt-gingko_test_clnt"
| #define PACKAGE_VERSION "3.14"
| #define PACKAGE_STRING "gingko_serv,gingko_clnt,gingko_test_clnt 3.14"
| #define PACKAGE_BUGREPORT "blog.auxten.com"
| #define PACKAGE_URL ""
| #define PACKAGE "gingko_serv,gingko_clnt,gingko_test_clnt"
| #define VERSION "3.14"
| #define DEBUG /**/
| #define STDC_HEADERS 1
| #define HAVE_SYS_TYPES_H 1
| #define HAVE_SYS_STAT_H 1
| #define HAVE_STDLIB_H 1
| #define HAVE_STRING_H 1
| #define HAVE_MEMORY_H 1
| #define HAVE_STRINGS_H 1
| #define HAVE_INTTYPES_H 1
| #define HAVE_STDINT_H 1
| #define HAVE_UNISTD_H 1
| #define HAVE_ARPA_INET_H 1
| #define HAVE_FCNTL_H 1
| #define HAVE_NETDB_H 1
| #define HAVE_NETINET_IN_H 1
| #define HAVE_STDLIB_H 1
| #define HAVE_STRING_H 1
| #define HAVE_SYS_SOCKET_H 1
| #define HAVE_UNISTD_H 1
| /* end confdefs.h.  */
| #include <vfork.h>
configure:4823: result: no
configure:4823: checking for vfork.h
configure:4823: result: no
configure:4836: checking for fork
configure:4836: gcc -o conftest -g -O2   conftest.c  >&5
conftest.c:53: warning: conflicting types for built-in function 'fork'
configure:4836: $? = 0
configure:4836: result: yes
configure:4836: checking for vfork
configure:4836: gcc -o conftest -g -O2   conftest.c  >&5
configure:4836: $? = 0
configure:4836: result: yes
configure:4846: checking for working fork
configure:4868: gcc -o conftest -g -O2   conftest.c  >&5
configure:4868: $? = 0
configure:4868: ./conftest
configure:4868: $? = 0
configure:4878: result: yes
configure:4899: checking for working vfork
configure:5009: result: yes
configure:5037: checking for gethostbyname
configure:5037: gcc -o conftest -g -O2   conftest.c  >&5
configure:5037: $? = 0
configure:5037: result: yes
configure:5037: checking for memset
configure:5037: gcc -o conftest -g -O2   conftest.c  >&5
conftest.c:58: warning: conflicting types for built-in function 'memset'
configure:5037: $? = 0
configure:5037: result: yes
configure:5037: checking for select
configure:5037: gcc -o conftest -g -O2   conftest.c  >&5
configure:5037: $? = 0
configure:5037: result: yes
configure:5037: checking for socket
configure:5037: gcc -o conftest -g -O2   conftest.c  >&5
configure:5037: $? = 0
configure:5037: result: yes
configure:5037: checking for strerror
configure:5037: gcc -o conftest -g -O2   conftest.c  >&5
configure:5037: $? = 0
configure:5037: result: yes
configure:5037: checking for gettimeofday
configure:5037: gcc -o conftest -g -O2   conftest.c  >&5
configure:5037: $? = 0
configure:5037: result: yes
configure:5037: checking for inet_ntoa
configure:5037: gcc -o conftest -g -O2   conftest.c  >&5
configure:5037: $? = 0
configure:5037: result: yes
configure:5183: creating ./config.status

## ---------------------- ##
## Running config.status. ##
## ---------------------- ##

This file was extended by gingko_serv,gingko_clnt,gingko_test_clnt config.status 3.14, which was
generated by GNU Autoconf 2.68.  Invocation command line was

  CONFIG_FILES    = 
  CONFIG_HEADERS  = 
  CONFIG_LINKS    = 
  CONFIG_COMMANDS = 
  $ ./config.status 

on Aux

config.status:887: creating Makefile
config.status:887: creating config.h
config.status:1116: executing depfiles commands

## ---------------- ##
## Cache variables. ##
## ---------------- ##

ac_cv_c_compiler_gnu=yes
ac_cv_cxx_compiler_gnu=yes
ac_cv_env_CCC_set=
ac_cv_env_CCC_value=
ac_cv_env_CC_set=
ac_cv_env_CC_value=
ac_cv_env_CFLAGS_set=
ac_cv_env_CFLAGS_value=
ac_cv_env_CPPFLAGS_set=
ac_cv_env_CPPFLAGS_value=
ac_cv_env_CPP_set=
ac_cv_env_CPP_value=
ac_cv_env_CXXFLAGS_set=set
ac_cv_env_CXXFLAGS_value='-O0 -ggdb'
ac_cv_env_CXX_set=
ac_cv_env_CXX_value=
ac_cv_env_LDFLAGS_set=
ac_cv_env_LDFLAGS_value=
ac_cv_env_LIBS_set=
ac_cv_env_LIBS_value=
ac_cv_env_build_alias_set=
ac_cv_env_build_alias_value=
ac_cv_env_host_alias_set=
ac_cv_env_host_alias_value=
ac_cv_env_target_alias_set=
ac_cv_env_target_alias_value=
ac_cv_func_fork=yes
ac_cv_func_fork_works=yes
ac_cv_func_gethostbyname=yes
ac_cv_func_gettimeofday=yes
ac_cv_func_inet_ntoa=yes
ac_cv_func_memset=yes
ac_cv_func_select=yes
ac_cv_func_socket=yes
ac_cv_func_strerror=yes
ac_cv_func_vfork=yes
ac_cv_func_vfork_works=yes
ac_cv_header_arpa_inet_h=yes
ac_cv_header_fcntl_h=yes
ac_cv_header_inttypes_h=yes
ac_cv_header_memory_h=yes
ac_cv_header_netdb_h=yes
ac_cv_header_netinet_in_h=yes
ac_cv_header_stdc=yes
ac_cv_header_stdint_h=yes
ac_cv_header_stdlib_h=yes
ac_cv_header_string_h=yes
ac_cv_header_strings_h=yes
ac_cv_header_sys_socket_h=yes
ac_cv_header_sys_stat_h=yes
ac_cv_header_sys_types_h=yes
ac_cv_header_unistd_h=yes
ac_cv_header_vfork_h=no
ac_cv_objext=o
ac_cv_path_EGREP='/usr/bin/grep -E'
ac_cv_path_GREP=/usr/bin/grep
ac_cv_path_install='/opt/local/bin/ginstall -c'
ac_cv_path_mkdir=/opt/local/bin/gmkdir
ac_cv_prog_AWK=awk
ac_cv_prog_CPP='gcc -E'
ac_cv_prog_ac_ct_CC=gcc
ac_cv_prog_ac_ct_CXX=g++
ac_cv_prog_ac_ct_RANLIB=ranlib
ac_cv_prog_cc_c89=
ac_cv_prog_cc_g=yes
ac_cv_prog_cxx_g=yes
ac_cv_prog_make_make_set=yes
ac_cv_search_clock_gettime=no
ac_cv_search_pthread_rwlock_init='none required'
ac_cv_type_mode_t=yes
ac_cv_type_pid_t=yes
ac_cv_type_size_t=yes
am_cv_CC_dependencies_compiler_type=gcc3
am_cv_CXX_dependencies_compiler_type=gcc3

## ----------------- ##
## Output variables. ##
## ----------------- ##

ACLOCAL='${SHELL} /Users/auxten/Documents/Codes/gingko/src/missing --run aclocal-1.11'
AMDEPBACKSLASH='\'
AMDEP_FALSE='#'
AMDEP_TRUE=''
AMTAR='${SHELL} /Users/auxten/Documents/Codes/gingko/src/missing --run tar'
AM_CXXFLAGS='-ggdb -Wall -Wno-uninitialized -O0'
AUTOCONF='${SHELL} /Users/auxten/Documents/Codes/gingko/src/missing --run autoconf'
AUTOHEADER='${SHELL} /Users/auxten/Documents/Codes/gingko/src/missing --run autoheader'
AUTOMAKE='${SHELL} /Users/auxten/Documents/Codes/gingko/src/missing --run automake-1.11'
AWK='awk'
CC='gcc'
CCDEPMODE='depmode=gcc3'
CFLAGS='-g -O2'
CPP='gcc -E'
CPPFLAGS=''
CXX='g++'
CXXDEPMODE='depmode=gcc3'
CXXFLAGS='-O0 -ggdb'
CYGPATH_W='echo'
DEFS='-DHAVE_CONFIG_H'
DEPDIR='.deps'
ECHO_C='\c'
ECHO_N=''
ECHO_T=''
EGREP='/usr/bin/grep -E'
EXEEXT=''
GREP='/usr/bin/grep'
INSTALL_DATA='${INSTALL} -m 644'
INSTALL_PROGRAM='${INSTALL}'
INSTALL_SCRIPT='${INSTALL}'
INSTALL_STRIP_PROGRAM='$(install_sh) -c -s'
LDFLAGS=''
LIBOBJS=''
LIBS=''
LTLIBOBJS=''
MAKEINFO='${SHELL} /Users/auxten/Documents/Codes/gingko/src/missing --run makeinfo'
MKDIR_P='/opt/local/bin/gmkdir -p'
OBJEXT='o'
PACKAGE='gingko_serv,gingko_clnt,gingko_test_clnt'
PACKAGE_BUGREPORT='blog.auxten.com'
PACKAGE_NAME='gingko_serv,gingko_clnt,gingko_test_clnt'
PACKAGE_STRING='gingko_serv,gingko_clnt,gingko_test_clnt 3.14'
PACKAGE_TARNAME='gingko_serv-gingko_clnt-gingko_test_clnt'
PACKAGE_URL=''
PACKAGE_VERSION='3.14'
PATH_SEPARATOR=':'
RANLIB='ranlib'
SET_MAKE=''
SHELL='/bin/sh'
STRIP=''
VERSION='3.14'
ac_ct_CC='gcc'
ac_ct_CXX='g++'
am__EXEEXT_FALSE=''
am__EXEEXT_TRUE='#'
am__fastdepCC_FALSE='#'
am__fastdepCC_TRUE=''
am__fastdepCXX_FALSE='#'
am__fastdepCXX_TRUE=''
am__include='include'
am__isrc=''
am__leading_dot='.'
am__quote=''
am__tar='${AMTAR} chof - "$$tardir"'
am__untar='${AMTAR} xf -'
bindir='${exec_prefix}/bin'
build_alias=''
datadir='${datarootdir}'
datarootdir='${prefix}/share'
docdir='${datarootdir}/doc/${PACKAGE_TARNAME}'
dvidir='${docdir}'
exec_prefix='${prefix}'
host_alias=''
htmldir='${docdir}'
includedir='${prefix}/include'
infodir='${datarootdir}/info'
install_sh='${SHELL} /Users/auxten/Documents/Codes/gingko/src/install-sh'
libdir='${exec_prefix}/lib'
libexecdir='${exec_prefix}/libexec'
localedir='${datarootdir}/locale'
localstatedir='${prefix}/var'
mandir='${datarootdir}/man'
mkdir_p='/opt/local/bin/gmkdir -p'
oldincludedir='/usr/include'
pdfdir='${docdir}'
prefix='/usr/local'
program_transform_name='s,x,x,'
psdir='${docdir}'
sbindir='${exec_prefix}/sbin'
sharedstatedir='${prefix}/com'
sysconfdir='${prefix}/etc'
target_alias=''

## ----------- ##
## confdefs.h. ##
## ----------- ##

/* confdefs.h */
#define PACKAGE_NAME "gingko_serv,gingko_clnt,gingko_test_clnt"
#define PACKAGE_TARNAME "gingko_serv-gingko_clnt-gingko_test_clnt"
#define PACKAGE_VERSION "3.14"
#define PACKAGE_STRING "gingko_serv,gingko_clnt,gingko_test_clnt 3.14"
#define PACKAGE_BUGREPORT "blog.auxten.com"
#define PACKAGE_URL ""
#define PACKAGE "gingko_serv,gingko_clnt,gingko_test_clnt"
#define VERSION "3.14"
#define DEBUG /**/
#define STDC_HEADERS 1
#define HAVE_SYS_TYPES_H 1
#define HAVE_SYS_STAT_H 1
#define HAVE_STDLIB_H 1
#define HAVE_STRING_H 1
#define HAVE_MEMORY_H 1
#define HAVE_STRINGS_H 1
#define HAVE_INTTYPES_H 1
#define HAVE_STDINT_H 1
#define HAVE_UNISTD_H 1
#define HAVE_ARPA_INET_H 1
#define HAVE_FCNTL_H 1
#define HAVE_NETDB_H 1
#define HAVE_NETINET_IN_H 1
#define HAVE_STDLIB_H 1
#define HAVE_STRING_H 1
#define HAVE_SYS_SOCKET_H 1
#define HAVE_UNISTD_H 1
#define HAVE_FORK 1
#define HAVE_VFORK 1
#define HAVE_WORKING_VFORK 1
#define HAVE_WORKING_FORK 1
#define HAVE_GETHOSTBYNAME 1
#define HAVE_MEMSET 1
#define HAVE_SELECT 1
#define HAVE_SOCKET 1
#define HAVE_STRERROR 1
#define HAVE_GETTIMEOFDAY 1
#define HAVE_INET_NTOA 1

configure: exit 0
